{"C:\\Users\\Александр\\Desktop\\Unit-тестирование\\src\\js\\app.js": {"path":"C:\\Users\\Александр\\Desktop\\Unit-тестирование\\src\\js\\app.js","statementMap":{"0":{"start":{"line":2,"column":4},"end":{"line":6,"column":5}},"1":{"start":{"line":3,"column":8},"end":{"line":3,"column":25}},"2":{"start":{"line":4,"column":11},"end":{"line":6,"column":5}},"3":{"start":{"line":5,"column":8},"end":{"line":5,"column":25}},"4":{"start":{"line":7,"column":4},"end":{"line":7,"column":22}}},"fnMap":{"0":{"name":"showHealth","decl":{"start":{"line":1,"column":24},"end":{"line":1,"column":34}},"loc":{"start":{"line":1,"column":46},"end":{"line":8,"column":1}},"line":1}},"branchMap":{"0":{"loc":{"start":{"line":2,"column":4},"end":{"line":6,"column":5}},"type":"if","locations":[{"start":{"line":2,"column":4},"end":{"line":6,"column":5}},{"start":{"line":4,"column":11},"end":{"line":6,"column":5}}],"line":2},"1":{"loc":{"start":{"line":4,"column":11},"end":{"line":6,"column":5}},"type":"if","locations":[{"start":{"line":4,"column":11},"end":{"line":6,"column":5}},{"start":{},"end":{}}],"line":4},"2":{"loc":{"start":{"line":4,"column":15},"end":{"line":4,"column":62}},"type":"binary-expr","locations":[{"start":{"line":4,"column":15},"end":{"line":4,"column":37}},{"start":{"line":4,"column":41},"end":{"line":4,"column":62}}],"line":4}},"s":{"0":3,"1":1,"2":2,"3":1,"4":1},"f":{"0":3},"b":{"0":[1,2],"1":[1,1],"2":[2,2]},"_coverageSchema":"1a1c01bbd47fc00a2c39e90264f33305004495a9","hash":"62cff4f56d06a4ed3b2078963639c1961d02ae8a"}
}
